[debug] [2021-11-17T18:04:23.455Z] ----------------------------------------------------------------------
[debug] [2021-11-17T18:04:23.458Z] Command:       C:\Program Files\nodejs\node.exe C:\Users\Carlos\AppData\Roaming\npm\node_modules\firebase-tools\lib\bin\firebase.js init
[debug] [2021-11-17T18:04:23.459Z] CLI Version:   9.22.0
[debug] [2021-11-17T18:04:23.459Z] Platform:      win32
[debug] [2021-11-17T18:04:23.459Z] Node Version:  v14.17.5
[debug] [2021-11-17T18:04:23.460Z] Time:          Wed Nov 17 2021 15:04:23 GMT-0300 (Horário Padrão de Brasília)
[debug] [2021-11-17T18:04:23.460Z] ----------------------------------------------------------------------
[debug] 
[debug] [2021-11-17T18:04:23.472Z] > command requires scopes: ["email","openid","https://www.googleapis.com/auth/cloudplatformprojects.readonly","https://www.googleapis.com/auth/firebase","https://www.googleapis.com/auth/cloud-platform"]
[debug] [2021-11-17T18:04:23.472Z] > authorizing via signed-in user (carlosedu@mx2.unisc.br)
[info] 
     ######## #### ########  ######## ########     ###     ######  ########
     ##        ##  ##     ## ##       ##     ##  ##   ##  ##       ##
     ######    ##  ########  ######   ########  #########  ######  ######
     ##        ##  ##    ##  ##       ##     ## ##     ##       ## ##
     ##       #### ##     ## ######## ########  ##     ##  ######  ########

You're about to initialize a Firebase project in this directory:

  C:\Users\Carlos\Desktop\Meus Arquivos\RocketSeat\NLW6-React\letmeask

[info] 
=== Project Setup
[info] 
[info] First, let's associate this project directory with a Firebase project.
[info] You can create multiple project aliases by running firebase use --add, 
[info] but for now we'll just set up a default project.
[info] 
[debug] [2021-11-17T18:04:32.911Z] >>> [apiv2][query] GET https://firebase.googleapis.com/v1beta1/projects pageSize=100
[debug] [2021-11-17T18:04:34.282Z] <<< [apiv2][status] GET https://firebase.googleapis.com/v1beta1/projects 200
[debug] [2021-11-17T18:04:34.282Z] <<< [apiv2][body] GET https://firebase.googleapis.com/v1beta1/projects [omitted]
[info] i  Using project letmeask-ec672 (LetMeAsk) 
[info] 
=== Hosting Setup
[info] 
[info] Your public directory is the folder (relative to your project directory) that
[info] will contain Hosting assets to be uploaded with firebase deploy. If you
[info] have a build process for your assets, use your build's output directory.
[info] 
